[2019-08-21 20:26:38] PDF: ../data/經濟部-商業登記資料查詢pdf//高雄市政府102年10月商業設立登記營業項目清冊.pdf | status: Error in whichName:whichMoney: 長度為 0 的引數[2019-08-21 20:40:16] PDF: ../data/經濟部-商業登記資料查詢pdf//花蓮縣政府102年10月商業設立登記營業項目清冊.pdf | status: Error in whichName:whichMoney: 長度為 0 的引數

[2019-08-21 20:43:07] PDF: ../data/經濟部-商業登記資料查詢pdf//基隆市政府102年10月商業設立登記營業項目清冊.pdf | status: Error in whichName:whichMoney: 長度為 0 的引數

[2019-08-21 20:44:38] PDF: ../data/經濟部-商業登記資料查詢pdf//嘉義市政府102年10月商業設立登記營業項目清冊.pdf | status: Error in whichName:whichMoney: 長度為 0 的引數

[2019-08-21 20:46:07] PDF: ../data/經濟部-商業登記資料查詢pdf//嘉義縣政府102年10月商業設立登記營業項目清冊.pdf | status: Error in whichName:whichMoney: 長度為 0 的引數

[2019-08-21 20:47:52] PDF: ../data/經濟部-商業登記資料查詢pdf//金門縣政府102年10月商業設立登記營業項目清冊.pdf | status: Error in whichName:whichMoney: 長度為 0 的引數

[2019-08-21 20:49:47] PDF: ../data/經濟部-商業登記資料查詢pdf//苗栗縣政府102年10月商業設立登記營業項目清冊.pdf | status: Error in whichName:whichMoney: 長度為 0 的引數

[2019-08-21 20:52:19] PDF: ../data/經濟部-商業登記資料查詢pdf//南投縣政府102年10月商業設立登記營業項目清冊.pdf | status: Error in whichName:whichMoney: 長度為 0 的引數

[2019-08-21 20:53:43] PDF: ../data/經濟部-商業登記資料查詢pdf//澎湖縣政府102年10月商業設立登記營業項目清冊.pdf | status: Error in whichName:whichMoney: 長度為 0 的引數

[2019-08-21 20:54:19] PDF: ../data/經濟部-商業登記資料查詢pdf//屏東縣政府102年10月商業設立登記營業項目清冊.pdf | status: Error in whichName:whichMoney: 長度為 0 的引數

[2019-08-21 20:56:22] PDF: ../data/經濟部-商業登記資料查詢pdf//台北市政府101年07月商業設立登記營業項目清冊.pdf | status: Error in whichName:whichMoney: 長度為 0 的引數

[2019-08-21 20:56:23] PDF: ../data/經濟部-商業登記資料查詢pdf//台北市政府101年08月商業設立登記營業項目清冊.pdf | status: Error in whichName:whichMoney: 長度為 0 的引數

[2019-08-21 20:56:23] PDF: ../data/經濟部-商業登記資料查詢pdf//台北市政府101年09月商業設立登記營業項目清冊.pdf | status: Error in whichName:whichMoney: 長度為 0 的引數

[2019-08-21 20:56:23] PDF: ../data/經濟部-商業登記資料查詢pdf//台北市政府101年10月商業設立登記營業項目清冊.pdf | status: Error in whichName:whichMoney: 長度為 0 的引數

[2019-08-21 20:56:23] PDF: ../data/經濟部-商業登記資料查詢pdf//台北市政府101年11月商業設立登記營業項目清冊.pdf | status: Error in whichName:whichMoney: 長度為 0 的引數

[2019-08-21 20:56:24] PDF: ../data/經濟部-商業登記資料查詢pdf//台北市政府101年12月商業設立登記營業項目清冊.pdf | status: Error in whichName:whichMoney: 長度為 0 的引數

[2019-08-21 20:56:24] PDF: ../data/經濟部-商業登記資料查詢pdf//台北市政府102年01月商業設立登記營業項目清冊.pdf | status: Error in whichName:whichMoney: 長度為 0 的引數

[2019-08-21 20:56:24] PDF: ../data/經濟部-商業登記資料查詢pdf//台北市政府102年02月商業設立登記營業項目清冊.pdf | status: Error in whichName:whichMoney: 長度為 0 的引數

[2019-08-21 20:56:25] PDF: ../data/經濟部-商業登記資料查詢pdf//台北市政府102年03月商業設立登記營業項目清冊.pdf | status: Error in whichName:whichMoney: 長度為 0 的引數

[2019-08-21 20:56:25] PDF: ../data/經濟部-商業登記資料查詢pdf//台北市政府102年04月商業設立登記營業項目清冊.pdf | status: Error in whichName:whichMoney: 長度為 0 的引數

[2019-08-21 20:56:26] PDF: ../data/經濟部-商業登記資料查詢pdf//台北市政府102年05月商業設立登記營業項目清冊.pdf | status: Error in whichName:whichMoney: 長度為 0 的引數

[2019-08-21 20:56:26] PDF: ../data/經濟部-商業登記資料查詢pdf//台北市政府102年06月商業設立登記營業項目清冊.pdf | status: Error in whichName:whichMoney: 長度為 0 的引數

[2019-08-21 20:56:26] PDF: ../data/經濟部-商業登記資料查詢pdf//台北市政府102年07月商業設立登記營業項目清冊.pdf | status: Error in whichName:whichMoney: 長度為 0 的引數

[2019-08-21 20:56:27] PDF: ../data/經濟部-商業登記資料查詢pdf//台北市政府102年08月商業設立登記營業項目清冊.pdf | status: Error in whichName:whichMoney: 長度為 0 的引數

[2019-08-21 20:56:27] PDF: ../data/經濟部-商業登記資料查詢pdf//台北市政府102年09月商業設立登記營業項目清冊.pdf | status: Error in whichName:whichMoney: 長度為 0 的引數

[2019-08-21 20:56:28] PDF: ../data/經濟部-商業登記資料查詢pdf//台北市政府102年10月商業設立登記營業項目清冊.pdf | status: Error in whichName:whichMoney: 長度為 0 的引數

[2019-08-21 20:56:28] PDF: ../data/經濟部-商業登記資料查詢pdf//台北市政府102年11月商業設立登記營業項目清冊.pdf | status: Error in whichName:whichMoney: 長度為 0 的引數

[2019-08-21 20:56:28] PDF: ../data/經濟部-商業登記資料查詢pdf//台北市政府102年12月商業設立登記營業項目清冊.pdf | status: Error in whichName:whichMoney: 長度為 0 的引數

[2019-08-21 20:56:28] PDF: ../data/經濟部-商業登記資料查詢pdf//台北市政府103年01月商業設立登記營業項目清冊.pdf | status: Error in whichName:whichMoney: 長度為 0 的引數

[2019-08-21 20:56:29] PDF: ../data/經濟部-商業登記資料查詢pdf//台北市政府103年02月商業設立登記營業項目清冊.pdf | status: Error in whichName:whichMoney: 長度為 0 的引數

[2019-08-21 20:56:29] PDF: ../data/經濟部-商業登記資料查詢pdf//台北市政府103年03月商業設立登記營業項目清冊.pdf | status: Error in whichName:whichMoney: 長度為 0 的引數

[2019-08-21 20:56:30] PDF: ../data/經濟部-商業登記資料查詢pdf//台北市政府103年04月商業設立登記營業項目清冊.pdf | status: Error in whichName:whichMoney: 長度為 0 的引數

[2019-08-21 20:56:30] PDF: ../data/經濟部-商業登記資料查詢pdf//台北市政府103年05月商業設立登記營業項目清冊.pdf | status: Error in whichName:whichMoney: 長度為 0 的引數

[2019-08-21 20:56:31] PDF: ../data/經濟部-商業登記資料查詢pdf//台北市政府103年06月商業設立登記營業項目清冊.pdf | status: Error in whichName:whichMoney: 長度為 0 的引數

[2019-08-21 20:56:31] PDF: ../data/經濟部-商業登記資料查詢pdf//台北市政府103年07月商業設立登記營業項目清冊.pdf | status: Error in whichName:whichMoney: 長度為 0 的引數

[2019-08-21 20:56:32] PDF: ../data/經濟部-商業登記資料查詢pdf//台北市政府103年08月商業設立登記營業項目清冊.pdf | status: Error in whichName:whichMoney: 長度為 0 的引數

[2019-08-21 20:56:32] PDF: ../data/經濟部-商業登記資料查詢pdf//台北市政府103年09月商業設立登記營業項目清冊.pdf | status: Error in whichName:whichMoney: 長度為 0 的引數

[2019-08-21 20:56:33] PDF: ../data/經濟部-商業登記資料查詢pdf//台北市政府103年10月商業設立登記營業項目清冊.pdf | status: Error in whichName:whichMoney: 長度為 0 的引數

[2019-08-21 20:56:33] PDF: ../data/經濟部-商業登記資料查詢pdf//台北市政府103年11月商業設立登記營業項目清冊.pdf | status: Error in whichName:whichMoney: 長度為 0 的引數

[2019-08-21 20:56:34] PDF: ../data/經濟部-商業登記資料查詢pdf//台北市政府103年12月商業設立登記營業項目清冊.pdf | status: Error in whichName:whichMoney: 長度為 0 的引數

[2019-08-21 20:56:34] PDF: ../data/經濟部-商業登記資料查詢pdf//台北市政府104年01月商業設立登記營業項目清冊.pdf | status: Error in whichName:whichMoney: 長度為 0 的引數

[2019-08-21 20:56:34] PDF: ../data/經濟部-商業登記資料查詢pdf//台北市政府104年02月商業設立登記營業項目清冊.pdf | status: Error in whichName:whichMoney: 長度為 0 的引數

[2019-08-21 20:56:35] PDF: ../data/經濟部-商業登記資料查詢pdf//台北市政府104年03月商業設立登記營業項目清冊.pdf | status: Error in whichName:whichMoney: 長度為 0 的引數

[2019-08-21 20:56:35] PDF: ../data/經濟部-商業登記資料查詢pdf//台北市政府104年04月商業設立登記營業項目清冊.pdf | status: Error in whichName:whichMoney: 長度為 0 的引數

[2019-08-21 20:56:36] PDF: ../data/經濟部-商業登記資料查詢pdf//台北市政府104年05月商業設立登記營業項目清冊.pdf | status: Error in whichName:whichMoney: 長度為 0 的引數

[2019-08-21 20:56:36] PDF: ../data/經濟部-商業登記資料查詢pdf//台北市政府104年06月商業設立登記營業項目清冊.pdf | status: Error in whichName:whichMoney: 長度為 0 的引數

[2019-08-21 20:56:36] PDF: ../data/經濟部-商業登記資料查詢pdf//台北市政府104年07月商業設立登記營業項目清冊.pdf | status: Error in whichName:whichMoney: 長度為 0 的引數

[2019-08-21 20:56:37] PDF: ../data/經濟部-商業登記資料查詢pdf//台北市政府104年08月商業設立登記營業項目清冊.pdf | status: Error in whichName:whichMoney: 長度為 0 的引數

[2019-08-21 20:56:37] PDF: ../data/經濟部-商業登記資料查詢pdf//台北市政府104年09月商業設立登記營業項目清冊.pdf | status: Error in whichName:whichMoney: 長度為 0 的引數

[2019-08-21 20:56:38] PDF: ../data/經濟部-商業登記資料查詢pdf//台北市政府104年10月商業設立登記營業項目清冊.pdf | status: Error in whichName:whichMoney: 長度為 0 的引數

[2019-08-21 20:56:38] PDF: ../data/經濟部-商業登記資料查詢pdf//台北市政府104年11月商業設立登記營業項目清冊.pdf | status: Error in whichName:whichMoney: 長度為 0 的引數

[2019-08-21 20:56:39] PDF: ../data/經濟部-商業登記資料查詢pdf//台北市政府104年12月商業設立登記營業項目清冊.pdf | status: Error in whichName:whichMoney: 長度為 0 的引數

[2019-08-21 20:56:39] PDF: ../data/經濟部-商業登記資料查詢pdf//台北市政府105年01月商業設立登記營業項目清冊.pdf | status: Error in whichName:whichMoney: 長度為 0 的引數

[2019-08-21 20:56:40] PDF: ../data/經濟部-商業登記資料查詢pdf//台北市政府105年02月商業設立登記營業項目清冊.pdf | status: Error in whichName:whichMoney: 長度為 0 的引數

[2019-08-21 20:56:40] PDF: ../data/經濟部-商業登記資料查詢pdf//台北市政府105年03月商業設立登記營業項目清冊.pdf | status: Error in whichName:whichMoney: 長度為 0 的引數

[2019-08-21 20:56:41] PDF: ../data/經濟部-商業登記資料查詢pdf//台北市政府105年04月商業設立登記營業項目清冊.pdf | status: Error in whichName:whichMoney: 長度為 0 的引數

[2019-08-21 20:56:41] PDF: ../data/經濟部-商業登記資料查詢pdf//台北市政府105年05月商業設立登記營業項目清冊.pdf | status: Error in whichName:whichMoney: 長度為 0 的引數

[2019-08-21 20:56:42] PDF: ../data/經濟部-商業登記資料查詢pdf//台北市政府105年06月商業設立登記營業項目清冊.pdf | status: Error in whichName:whichMoney: 長度為 0 的引數

[2019-08-21 20:56:42] PDF: ../data/經濟部-商業登記資料查詢pdf//台北市政府105年07月商業設立登記營業項目清冊.pdf | status: Error in whichName:whichMoney: 長度為 0 的引數

[2019-08-21 20:56:43] PDF: ../data/經濟部-商業登記資料查詢pdf//台北市政府105年08月商業設立登記營業項目清冊.pdf | status: Error in whichName:whichMoney: 長度為 0 的引數

[2019-08-21 20:56:43] PDF: ../data/經濟部-商業登記資料查詢pdf//台北市政府105年09月商業設立登記營業項目清冊.pdf | status: Error in whichName:whichMoney: 長度為 0 的引數

[2019-08-21 20:56:43] PDF: ../data/經濟部-商業登記資料查詢pdf//台北市政府105年10月商業設立登記營業項目清冊.pdf | status: Error in whichName:whichMoney: 長度為 0 的引數

[2019-08-21 20:56:44] PDF: ../data/經濟部-商業登記資料查詢pdf//台北市政府105年11月商業設立登記營業項目清冊.pdf | status: Error in whichName:whichMoney: 長度為 0 的引數

[2019-08-21 20:56:44] PDF: ../data/經濟部-商業登記資料查詢pdf//台北市政府105年12月商業設立登記營業項目清冊.pdf | status: Error in whichName:whichMoney: 長度為 0 的引數

[2019-08-21 20:56:45] PDF: ../data/經濟部-商業登記資料查詢pdf//台北市政府106年01月商業設立登記營業項目清冊.pdf | status: Error in whichName:whichMoney: 長度為 0 的引數

[2019-08-21 20:56:45] PDF: ../data/經濟部-商業登記資料查詢pdf//台北市政府106年02月商業設立登記營業項目清冊.pdf | status: Error in whichName:whichMoney: 長度為 0 的引數

[2019-08-21 20:56:46] PDF: ../data/經濟部-商業登記資料查詢pdf//台北市政府106年03月商業設立登記營業項目清冊.pdf | status: Error in whichName:whichMoney: 長度為 0 的引數

[2019-08-21 20:56:46] PDF: ../data/經濟部-商業登記資料查詢pdf//台北市政府106年04月商業設立登記營業項目清冊.pdf | status: Error in whichName:whichMoney: 長度為 0 的引數

[2019-08-21 20:56:46] PDF: ../data/經濟部-商業登記資料查詢pdf//台北市政府106年05月商業設立登記營業項目清冊.pdf | status: Error in whichName:whichMoney: 長度為 0 的引數

[2019-08-21 20:56:47] PDF: ../data/經濟部-商業登記資料查詢pdf//台北市政府106年06月商業設立登記營業項目清冊.pdf | status: Error in whichName:whichMoney: 長度為 0 的引數

[2019-08-21 20:56:48] PDF: ../data/經濟部-商業登記資料查詢pdf//台北市政府106年07月商業設立登記營業項目清冊.pdf | status: Error in whichName:whichMoney: 長度為 0 的引數

[2019-08-21 20:56:48] PDF: ../data/經濟部-商業登記資料查詢pdf//台北市政府106年08月商業設立登記營業項目清冊.pdf | status: Error in whichName:whichMoney: 長度為 0 的引數

[2019-08-21 20:56:49] PDF: ../data/經濟部-商業登記資料查詢pdf//台北市政府106年09月商業設立登記營業項目清冊.pdf | status: Error in whichName:whichMoney: 長度為 0 的引數

[2019-08-21 20:56:49] PDF: ../data/經濟部-商業登記資料查詢pdf//台北市政府106年10月商業設立登記營業項目清冊.pdf | status: Error in whichName:whichMoney: 長度為 0 的引數

[2019-08-21 20:56:49] PDF: ../data/經濟部-商業登記資料查詢pdf//台北市政府106年11月商業設立登記營業項目清冊.pdf | status: Error in whichName:whichMoney: 長度為 0 的引數

[2019-08-21 20:56:50] PDF: ../data/經濟部-商業登記資料查詢pdf//台北市政府106年12月商業設立登記營業項目清冊.pdf | status: Error in whichName:whichMoney: 長度為 0 的引數

[2019-08-21 20:56:50] PDF: ../data/經濟部-商業登記資料查詢pdf//台北市政府107年01月商業設立登記營業項目清冊.pdf | status: Error in whichName:whichMoney: 長度為 0 的引數

[2019-08-21 20:56:51] PDF: ../data/經濟部-商業登記資料查詢pdf//台北市政府107年02月商業設立登記營業項目清冊.pdf | status: Error in whichName:whichMoney: 長度為 0 的引數

[2019-08-21 20:56:51] PDF: ../data/經濟部-商業登記資料查詢pdf//台北市政府107年03月商業設立登記營業項目清冊.pdf | status: Error in whichName:whichMoney: 長度為 0 的引數

[2019-08-21 20:56:52] PDF: ../data/經濟部-商業登記資料查詢pdf//台北市政府107年04月商業設立登記營業項目清冊.pdf | status: Error in whichName:whichMoney: 長度為 0 的引數

[2019-08-21 20:56:52] PDF: ../data/經濟部-商業登記資料查詢pdf//台北市政府107年05月商業設立登記營業項目清冊.pdf | status: Error in whichName:whichMoney: 長度為 0 的引數

[2019-08-21 20:56:53] PDF: ../data/經濟部-商業登記資料查詢pdf//台北市政府107年06月商業設立登記營業項目清冊.pdf | status: Error in whichName:whichMoney: 長度為 0 的引數

[2019-08-21 20:56:54] PDF: ../data/經濟部-商業登記資料查詢pdf//台北市政府107年07月商業設立登記營業項目清冊.pdf | status: Error in whichName:whichMoney: 長度為 0 的引數

[2019-08-21 20:56:54] PDF: ../data/經濟部-商業登記資料查詢pdf//台北市政府107年08月商業設立登記營業項目清冊.pdf | status: Error in whichName:whichMoney: 長度為 0 的引數

[2019-08-21 20:56:55] PDF: ../data/經濟部-商業登記資料查詢pdf//台北市政府107年09月商業設立登記營業項目清冊.pdf | status: Error in whichName:whichMoney: 長度為 0 的引數

[2019-08-21 20:56:55] PDF: ../data/經濟部-商業登記資料查詢pdf//台北市政府107年10月商業設立登記營業項目清冊.pdf | status: Error in whichName:whichMoney: 長度為 0 的引數

[2019-08-21 20:56:56] PDF: ../data/經濟部-商業登記資料查詢pdf//台北市政府107年11月商業設立登記營業項目清冊.pdf | status: Error in whichName:whichMoney: 長度為 0 的引數

[2019-08-21 20:56:56] PDF: ../data/經濟部-商業登記資料查詢pdf//台北市政府107年12月商業設立登記營業項目清冊.pdf | status: Error in whichName:whichMoney: 長度為 0 的引數

[2019-08-21 20:56:57] PDF: ../data/經濟部-商業登記資料查詢pdf//台北市政府108年01月商業設立登記營業項目清冊.pdf | status: Error in whichName:whichMoney: 長度為 0 的引數

[2019-08-21 20:56:57] PDF: ../data/經濟部-商業登記資料查詢pdf//台北市政府108年02月商業設立登記營業項目清冊.pdf | status: Error in whichName:whichMoney: 長度為 0 的引數

[2019-08-21 20:56:57] PDF: ../data/經濟部-商業登記資料查詢pdf//台北市政府108年03月商業設立登記營業項目清冊.pdf | status: Error in whichName:whichMoney: 長度為 0 的引數

[2019-08-21 20:56:58] PDF: ../data/經濟部-商業登記資料查詢pdf//台北市政府108年04月商業設立登記營業項目清冊.pdf | status: Error in whichName:whichMoney: 長度為 0 的引數

[2019-08-21 20:56:59] PDF: ../data/經濟部-商業登記資料查詢pdf//台北市政府108年05月商業設立登記營業項目清冊.pdf | status: Error in whichName:whichMoney: 長度為 0 的引數

[2019-08-21 20:56:59] PDF: ../data/經濟部-商業登記資料查詢pdf//台北市政府108年06月商業設立登記營業項目清冊.pdf | status: Error in whichName:whichMoney: 長度為 0 的引數

[2019-08-21 20:57:00] PDF: ../data/經濟部-商業登記資料查詢pdf//台北市政府108年07月商業設立登記營業項目清冊.pdf | status: Error in whichName:whichMoney: 長度為 0 的引數

[2019-08-21 20:57:08] PDF: ../data/經濟部-商業登記資料查詢pdf//台東縣政府102年10月商業設立登記營業項目清冊.pdf | status: Error in whichName:whichMoney: 長度為 0 的引數

[2019-08-21 20:59:25] PDF: ../data/經濟部-商業登記資料查詢pdf//台南市政府102年10月商業設立登記營業項目清冊.pdf | status: Error in whichName:whichMoney: 長度為 0 的引數

